{"/Users/gigagrav/Documents/code/sycpiano/web/js/components/_reusable/Button.jsx": {"path":"/Users/gigagrav/Documents/code/sycpiano/web/js/components/_reusable/Button.jsx","statementMap":{"0":{"start":{"line":7,"column":27},"end":{"line":7,"column":50}},"1":{"start":{"line":8,"column":33},"end":{"line":8,"column":71}},"2":{"start":{"line":9,"column":8},"end":{"line":13,"column":10}}},"fnMap":{"0":{"name":"(anonymous_0)","decl":{"start":{"line":6,"column":4},"end":{"line":6,"column":5}},"loc":{"start":{"line":6,"column":13},"end":{"line":14,"column":5}},"line":6}},"branchMap":{"0":{"loc":{"start":{"line":8,"column":33},"end":{"line":8,"column":71}},"type":"cond-expr","locations":[{"start":{"line":8,"column":48},"end":{"line":8,"column":66}},{"start":{"line":8,"column":69},"end":{"line":8,"column":71}}],"line":8}},"s":{"0":3,"1":3,"2":3},"f":{"0":3},"b":{"0":[1,2]},"_coverageSchema":"332fd63041d2c1bcb487cc26dd0d5f7d97098a6c","hash":"c5ee6278e941edbe9d4825cb4bc43d7ed388ce4d"}
}
